[debug] [2019-11-12T14:40:02.720Z] ----------------------------------------------------------------------
[debug] [2019-11-12T14:40:02.723Z] Command:       /usr/local/bin/node /usr/local/bin/firebase serve
[debug] [2019-11-12T14:40:02.723Z] CLI Version:   7.4.0
[debug] [2019-11-12T14:40:02.723Z] Platform:      linux
[debug] [2019-11-12T14:40:02.723Z] Node Version:  v10.16.3
[debug] [2019-11-12T14:40:02.724Z] Time:          Tue Nov 12 2019 12:40:02 GMT-0200 (GMT-02:00)
[debug] [2019-11-12T14:40:02.724Z] ----------------------------------------------------------------------
[debug] 
[debug] [2019-11-12T14:40:02.730Z] > command requires scopes: ["email","openid","https://www.googleapis.com/auth/cloudplatformprojects.readonly","https://www.googleapis.com/auth/firebase","https://www.googleapis.com/auth/cloud-platform"]
[debug] [2019-11-12T14:40:02.731Z] > authorizing via signed-in user
[debug] [2019-11-12T14:40:02.731Z] [iam] checking project rede-social-b4317 for permissions ["firebase.projects.get"]
[debug] [2019-11-12T14:40:02.732Z] >>> HTTP REQUEST POST https://cloudresourcemanager.googleapis.com/v1/projects/rede-social-b4317:testIamPermissions  

[debug] [2019-11-12T14:40:03.712Z] <<< HTTP RESPONSE 200
[debug] [2019-11-12T14:40:03.714Z] >>> HTTP REQUEST GET https://firebase.googleapis.com/v1beta1/projects/rede-social-b4317  
 
[debug] [2019-11-12T14:40:04.139Z] <<< HTTP RESPONSE 200
[info] 
[info] === Serving from '/home/ubuntu/Área de Trabalho/Laboratória/SAP003-social-network'...
[info] 
[debug] [2019-11-12T14:40:04.142Z] >>> HTTP REQUEST GET https://firebase.googleapis.com/v1beta1/projects/rede-social-b4317/webApps/-/config  
 
[debug] [2019-11-12T14:40:05.405Z] <<< HTTP RESPONSE 200
[warn] ⚠  hosting: Port 5000 is not available. Trying another port...
[warn] ⚠  hosting: Port 5000 is not available. Trying another port...
[warn] ⚠  hosting: Port 5000 is not available. Trying another port...
[warn] ⚠  hosting: Port 5000 is not available. Trying another port...
[warn] ⚠  hosting: Port 5000 is not available. Trying another port...
[info] i  hosting: Serving hosting files from: src
[info] ✔  hosting: Local server: http://localhost:5025
